2024-12-05 20:04:46,080 - azure.core.pipeline.policies.http_logging_policy - INFO - Request URL: 'https://apnawaqeel.table.core.windows.net/Tables'
Request method: 'POST'
Request headers:
    'Content-Type': 'application/json;odata=nometadata'
    'Content-Length': '29'
    'x-ms-version': 'REDACTED'
    'DataServiceVersion': 'REDACTED'
    'Accept': 'application/json;odata=minimalmetadata'
    'x-ms-client-request-id': '43dc127d-b31a-11ef-ba11-e4b318d85f4b'
    'x-ms-date': 'REDACTED'
    'Date': 'Thu, 05 Dec 2024 15:04:46 GMT'
    'User-Agent': 'azsdk-python-data-tables/12.5.0 Python/3.12.6 (Windows-11-10.0.22621-SP0)'
    'Authorization': 'REDACTED'
A body is sent with the request
2024-12-05 20:04:47,089 - azure.core.pipeline.policies.http_logging_policy - INFO - Response status: 409
Response headers:
    'Cache-Control': 'no-cache'
    'Transfer-Encoding': 'chunked'
    'Content-Type': 'application/json;odata=minimalmetadata;streaming=true;charset=utf-8'
    'Server': 'Windows-Azure-Table/1.0 Microsoft-HTTPAPI/2.0'
    'x-ms-request-id': '4b9d099b-1002-003b-3127-4798e9000000'
    'x-ms-client-request-id': '43dc127d-b31a-11ef-ba11-e4b318d85f4b'
    'x-ms-version': 'REDACTED'
    'X-Content-Type-Options': 'REDACTED'
    'Date': 'Thu, 05 Dec 2024 15:04:45 GMT'
2024-12-05 20:04:47,100 - azure.core.pipeline.policies.http_logging_policy - INFO - Request URL: 'https://apnawaqeel.table.core.windows.net/Tables'
Request method: 'POST'
Request headers:
    'Content-Type': 'application/json;odata=nometadata'
    'Content-Length': '29'
    'x-ms-version': 'REDACTED'
    'DataServiceVersion': 'REDACTED'
    'Accept': 'application/json;odata=minimalmetadata'
    'x-ms-client-request-id': '447793ad-b31a-11ef-9159-e4b318d85f4b'
    'x-ms-date': 'REDACTED'
    'Date': 'Thu, 05 Dec 2024 15:04:47 GMT'
    'User-Agent': 'azsdk-python-data-tables/12.5.0 Python/3.12.6 (Windows-11-10.0.22621-SP0)'
    'Authorization': 'REDACTED'
A body is sent with the request
2024-12-05 20:04:47,349 - azure.core.pipeline.policies.http_logging_policy - INFO - Response status: 409
Response headers:
    'Cache-Control': 'no-cache'
    'Transfer-Encoding': 'chunked'
    'Content-Type': 'application/json;odata=minimalmetadata;streaming=true;charset=utf-8'
    'Server': 'Windows-Azure-Table/1.0 Microsoft-HTTPAPI/2.0'
    'x-ms-request-id': '4b9d09bf-1002-003b-4b27-4798e9000000'
    'x-ms-client-request-id': '447793ad-b31a-11ef-9159-e4b318d85f4b'
    'x-ms-version': 'REDACTED'
    'X-Content-Type-Options': 'REDACTED'
    'Date': 'Thu, 05 Dec 2024 15:04:45 GMT'
2024-12-05 20:04:47,358 - azure.core.pipeline.policies.http_logging_policy - INFO - Request URL: 'https://apnawaqeel.table.core.windows.net/Tables'
Request method: 'POST'
Request headers:
    'Content-Type': 'application/json;odata=nometadata'
    'Content-Length': '27'
    'x-ms-version': 'REDACTED'
    'DataServiceVersion': 'REDACTED'
    'Accept': 'application/json;odata=minimalmetadata'
    'x-ms-client-request-id': '449ef947-b31a-11ef-8d7b-e4b318d85f4b'
    'x-ms-date': 'REDACTED'
    'Date': 'Thu, 05 Dec 2024 15:04:47 GMT'
    'User-Agent': 'azsdk-python-data-tables/12.5.0 Python/3.12.6 (Windows-11-10.0.22621-SP0)'
    'Authorization': 'REDACTED'
A body is sent with the request
2024-12-05 20:04:47,627 - azure.core.pipeline.policies.http_logging_policy - INFO - Response status: 409
Response headers:
    'Cache-Control': 'no-cache'
    'Transfer-Encoding': 'chunked'
    'Content-Type': 'application/json;odata=minimalmetadata;streaming=true;charset=utf-8'
    'Server': 'Windows-Azure-Table/1.0 Microsoft-HTTPAPI/2.0'
    'x-ms-request-id': '4b9d09d7-1002-003b-5b27-4798e9000000'
    'x-ms-client-request-id': '449ef947-b31a-11ef-8d7b-e4b318d85f4b'
    'x-ms-version': 'REDACTED'
    'X-Content-Type-Options': 'REDACTED'
    'Date': 'Thu, 05 Dec 2024 15:04:45 GMT'
2024-12-05 20:04:47,637 - azure.core.pipeline.policies.http_logging_policy - INFO - Request URL: 'https://apnawaqeel.table.core.windows.net/Tables'
Request method: 'POST'
Request headers:
    'Content-Type': 'application/json;odata=nometadata'
    'Content-Length': '29'
    'x-ms-version': 'REDACTED'
    'DataServiceVersion': 'REDACTED'
    'Accept': 'application/json;odata=minimalmetadata'
    'x-ms-client-request-id': '44c988a7-b31a-11ef-8552-e4b318d85f4b'
    'x-ms-date': 'REDACTED'
    'Date': 'Thu, 05 Dec 2024 15:04:47 GMT'
    'User-Agent': 'azsdk-python-data-tables/12.5.0 Python/3.12.6 (Windows-11-10.0.22621-SP0)'
    'Authorization': 'REDACTED'
A body is sent with the request
2024-12-05 20:04:47,895 - azure.core.pipeline.policies.http_logging_policy - INFO - Response status: 409
Response headers:
    'Cache-Control': 'no-cache'
    'Transfer-Encoding': 'chunked'
    'Content-Type': 'application/json;odata=minimalmetadata;streaming=true;charset=utf-8'
    'Server': 'Windows-Azure-Table/1.0 Microsoft-HTTPAPI/2.0'
    'x-ms-request-id': '4b9d0a4f-1002-003b-7427-4798e9000000'
    'x-ms-client-request-id': '44c988a7-b31a-11ef-8552-e4b318d85f4b'
    'x-ms-version': 'REDACTED'
    'X-Content-Type-Options': 'REDACTED'
    'Date': 'Thu, 05 Dec 2024 15:04:46 GMT'
2024-12-05 20:04:47,929 - azure.core.pipeline.policies.http_logging_policy - INFO - Request URL: 'https://apnawaqeel.table.core.windows.net/Tables'
Request method: 'POST'
Request headers:
    'Content-Type': 'application/json;odata=nometadata'
    'Content-Length': '22'
    'x-ms-version': 'REDACTED'
    'DataServiceVersion': 'REDACTED'
    'Accept': 'application/json;odata=minimalmetadata'
    'x-ms-client-request-id': '44f532aa-b31a-11ef-9658-e4b318d85f4b'
    'x-ms-date': 'REDACTED'
    'Date': 'Thu, 05 Dec 2024 15:04:47 GMT'
    'User-Agent': 'azsdk-python-data-tables/12.5.0 Python/3.12.6 (Windows-11-10.0.22621-SP0)'
    'Authorization': 'REDACTED'
A body is sent with the request
2024-12-05 20:04:48,189 - azure.core.pipeline.policies.http_logging_policy - INFO - Response status: 409
Response headers:
    'Cache-Control': 'no-cache'
    'Transfer-Encoding': 'chunked'
    'Content-Type': 'application/json;odata=minimalmetadata;streaming=true;charset=utf-8'
    'Server': 'Windows-Azure-Table/1.0 Microsoft-HTTPAPI/2.0'
    'x-ms-request-id': '4b9d0aba-1002-003b-1327-4798e9000000'
    'x-ms-client-request-id': '44f532aa-b31a-11ef-9658-e4b318d85f4b'
    'x-ms-version': 'REDACTED'
    'X-Content-Type-Options': 'REDACTED'
    'Date': 'Thu, 05 Dec 2024 15:04:46 GMT'
2024-12-05 20:04:48,201 - azure.core.pipeline.policies.http_logging_policy - INFO - Request URL: 'https://apnawaqeel.table.core.windows.net/Tables'
Request method: 'POST'
Request headers:
    'Content-Type': 'application/json;odata=nometadata'
    'Content-Length': '26'
    'x-ms-version': 'REDACTED'
    'DataServiceVersion': 'REDACTED'
    'Accept': 'application/json;odata=minimalmetadata'
    'x-ms-client-request-id': '451f9935-b31a-11ef-b24a-e4b318d85f4b'
    'x-ms-date': 'REDACTED'
    'Date': 'Thu, 05 Dec 2024 15:04:48 GMT'
    'User-Agent': 'azsdk-python-data-tables/12.5.0 Python/3.12.6 (Windows-11-10.0.22621-SP0)'
    'Authorization': 'REDACTED'
A body is sent with the request
2024-12-05 20:04:48,466 - azure.core.pipeline.policies.http_logging_policy - INFO - Response status: 409
Response headers:
    'Cache-Control': 'no-cache'
    'Transfer-Encoding': 'chunked'
    'Content-Type': 'application/json;odata=minimalmetadata;streaming=true;charset=utf-8'
    'Server': 'Windows-Azure-Table/1.0 Microsoft-HTTPAPI/2.0'
    'x-ms-request-id': '4b9d0ad0-1002-003b-2627-4798e9000000'
    'x-ms-client-request-id': '451f9935-b31a-11ef-b24a-e4b318d85f4b'
    'x-ms-version': 'REDACTED'
    'X-Content-Type-Options': 'REDACTED'
    'Date': 'Thu, 05 Dec 2024 15:04:46 GMT'
2024-12-05 20:04:48,480 - azure.core.pipeline.policies.http_logging_policy - INFO - Request URL: 'https://apnawaqeel.table.core.windows.net/Tables'
Request method: 'POST'
Request headers:
    'Content-Type': 'application/json;odata=nometadata'
    'Content-Length': '24'
    'x-ms-version': 'REDACTED'
    'DataServiceVersion': 'REDACTED'
    'Accept': 'application/json;odata=minimalmetadata'
    'x-ms-client-request-id': '4549fa65-b31a-11ef-9c5f-e4b318d85f4b'
    'x-ms-date': 'REDACTED'
    'Date': 'Thu, 05 Dec 2024 15:04:48 GMT'
    'User-Agent': 'azsdk-python-data-tables/12.5.0 Python/3.12.6 (Windows-11-10.0.22621-SP0)'
    'Authorization': 'REDACTED'
A body is sent with the request
2024-12-05 20:04:48,734 - azure.core.pipeline.policies.http_logging_policy - INFO - Response status: 409
Response headers:
    'Cache-Control': 'no-cache'
    'Transfer-Encoding': 'chunked'
    'Content-Type': 'application/json;odata=minimalmetadata;streaming=true;charset=utf-8'
    'Server': 'Windows-Azure-Table/1.0 Microsoft-HTTPAPI/2.0'
    'x-ms-request-id': '4b9d0aeb-1002-003b-3627-4798e9000000'
    'x-ms-client-request-id': '4549fa65-b31a-11ef-9c5f-e4b318d85f4b'
    'x-ms-version': 'REDACTED'
    'X-Content-Type-Options': 'REDACTED'
    'Date': 'Thu, 05 Dec 2024 15:04:46 GMT'
2024-12-05 20:04:48,781 - waitress - INFO - Serving on http://127.0.0.1:5000
2024-12-05 20:04:57,592 - app - INFO - Processing question for user test_user, chat None
2024-12-05 20:04:57,593 - app - INFO - Initializing RAG agent...
2024-12-05 20:04:57,619 - pinecone_plugin_interface.logging - INFO - Discovering subpackages in _NamespacePath(['C:\\Users\\Nouma\\OneDrive\\Desktop\\GenAi x Xavour\\ApnaWaqeel\\venv\\Lib\\site-packages\\pinecone_plugins'])
2024-12-05 20:04:57,628 - pinecone_plugin_interface.logging - INFO - Looking for plugins in pinecone_plugins.inference
2024-12-05 20:04:57,796 - pinecone_plugin_interface.logging - INFO - Installing plugin inference into Pinecone
2024-12-05 20:05:05,403 - datasets - INFO - PyTorch version 2.4.1 available.
2024-12-05 20:05:06,810 - sentence_transformers.SentenceTransformer - INFO - Use pytorch device_name: cpu
2024-12-05 20:05:06,811 - sentence_transformers.SentenceTransformer - INFO - Load pretrained SentenceTransformer: intfloat/multilingual-e5-large
2024-12-05 20:05:20,754 - azure.core.pipeline.policies.http_logging_policy - INFO - Request URL: 'https://apnawaqeel.table.core.windows.net/Tables'
Request method: 'POST'
Request headers:
    'Content-Type': 'application/json;odata=nometadata'
    'Content-Length': '38'
    'x-ms-version': 'REDACTED'
    'DataServiceVersion': 'REDACTED'
    'Accept': 'application/json;odata=minimalmetadata'
    'x-ms-client-request-id': '58868499-b31a-11ef-b545-e4b318d85f4b'
    'x-ms-date': 'REDACTED'
    'Date': 'Thu, 05 Dec 2024 15:05:20 GMT'
    'User-Agent': 'azsdk-python-data-tables/12.5.0 Python/3.12.6 (Windows-11-10.0.22621-SP0)'
    'Authorization': 'REDACTED'
A body is sent with the request
2024-12-05 20:05:21,742 - azure.core.pipeline.policies.http_logging_policy - INFO - Response status: 409
Response headers:
    'Cache-Control': 'no-cache'
    'Transfer-Encoding': 'chunked'
    'Content-Type': 'application/json;odata=minimalmetadata;streaming=true;charset=utf-8'
    'Server': 'Windows-Azure-Table/1.0 Microsoft-HTTPAPI/2.0'
    'x-ms-request-id': '3f19c651-0002-006a-6327-470565000000'
    'x-ms-client-request-id': '58868499-b31a-11ef-b545-e4b318d85f4b'
    'x-ms-version': 'REDACTED'
    'X-Content-Type-Options': 'REDACTED'
    'Date': 'Thu, 05 Dec 2024 15:05:19 GMT'
2024-12-05 20:05:21,766 - azure.core.pipeline.policies.http_logging_policy - INFO - Request URL: 'https://apnawaqeel.table.core.windows.net/LawyerRecommendations(PartitionKey='recommendation%3ACorporate',RowKey='6aacef57-153c-4739-8ee9-372de84b2ac3')'
Request method: 'PATCH'
Request headers:
    'Content-Type': 'application/json'
    'Content-Length': '566'
    'x-ms-version': 'REDACTED'
    'DataServiceVersion': 'REDACTED'
    'Accept': 'application/json'
    'x-ms-client-request-id': '59211c74-b31a-11ef-a19b-e4b318d85f4b'
    'x-ms-date': 'REDACTED'
    'Date': 'Thu, 05 Dec 2024 15:05:21 GMT'
    'User-Agent': 'azsdk-python-data-tables/12.5.0 Python/3.12.6 (Windows-11-10.0.22621-SP0)'
    'Authorization': 'REDACTED'
A body is sent with the request
2024-12-05 20:05:22,772 - azure.core.pipeline.policies.http_logging_policy - INFO - Response status: 204
Response headers:
    'Cache-Control': 'no-cache'
    'Content-Length': '0'
    'ETag': 'W/"datetime'2024-12-05T15%3A05%3A21.9803298Z'"'
    'Server': 'Windows-Azure-Table/1.0 Microsoft-HTTPAPI/2.0'
    'x-ms-request-id': '1eeb6d88-e002-0000-5f27-47dd4d000000'
    'x-ms-client-request-id': '59211c74-b31a-11ef-a19b-e4b318d85f4b'
    'x-ms-version': 'REDACTED'
    'X-Content-Type-Options': 'REDACTED'
    'Date': 'Thu, 05 Dec 2024 15:05:21 GMT'
2024-12-05 20:05:22,787 - azure.core.pipeline.policies.http_logging_policy - INFO - Request URL: 'https://apnawaqeel.table.core.windows.net/LawyerRecommendations(PartitionKey='recommendation%3AImmigration',RowKey='4abfe8e7-652e-4780-b57e-2467312552e4')'
Request method: 'PATCH'
Request headers:
    'Content-Type': 'application/json'
    'Content-Length': '570'
    'x-ms-version': 'REDACTED'
    'DataServiceVersion': 'REDACTED'
    'Accept': 'application/json'
    'x-ms-client-request-id': '59bce425-b31a-11ef-910f-e4b318d85f4b'
    'x-ms-date': 'REDACTED'
    'Date': 'Thu, 05 Dec 2024 15:05:22 GMT'
    'User-Agent': 'azsdk-python-data-tables/12.5.0 Python/3.12.6 (Windows-11-10.0.22621-SP0)'
    'Authorization': 'REDACTED'
A body is sent with the request
2024-12-05 20:05:23,050 - azure.core.pipeline.policies.http_logging_policy - INFO - Response status: 204
Response headers:
    'Cache-Control': 'no-cache'
    'Content-Length': '0'
    'ETag': 'W/"datetime'2024-12-05T15%3A05%3A22.2581091Z'"'
    'Server': 'Windows-Azure-Table/1.0 Microsoft-HTTPAPI/2.0'
    'x-ms-request-id': '1eeb6db9-e002-0000-0427-47dd4d000000'
    'x-ms-client-request-id': '59bce425-b31a-11ef-910f-e4b318d85f4b'
    'x-ms-version': 'REDACTED'
    'X-Content-Type-Options': 'REDACTED'
    'Date': 'Thu, 05 Dec 2024 15:05:21 GMT'
2024-12-05 20:05:23,077 - azure.core.pipeline.policies.http_logging_policy - INFO - Request URL: 'https://apnawaqeel.table.core.windows.net/LawyerRecommendations(PartitionKey='recommendation%3ABanking%20and%20Finance',RowKey='fc141434-c6a2-466f-a657-80151e0ce14d')'
Request method: 'PATCH'
Request headers:
    'Content-Type': 'application/json'
    'Content-Length': '582'
    'x-ms-version': 'REDACTED'
    'DataServiceVersion': 'REDACTED'
    'Accept': 'application/json'
    'x-ms-client-request-id': '59e92a6a-b31a-11ef-a928-e4b318d85f4b'
    'x-ms-date': 'REDACTED'
    'Date': 'Thu, 05 Dec 2024 15:05:23 GMT'
    'User-Agent': 'azsdk-python-data-tables/12.5.0 Python/3.12.6 (Windows-11-10.0.22621-SP0)'
    'Authorization': 'REDACTED'
A body is sent with the request
2024-12-05 20:05:23,336 - azure.core.pipeline.policies.http_logging_policy - INFO - Response status: 204
Response headers:
    'Cache-Control': 'no-cache'
    'Content-Length': '0'
    'ETag': 'W/"datetime'2024-12-05T15%3A05%3A22.5418624Z'"'
    'Server': 'Windows-Azure-Table/1.0 Microsoft-HTTPAPI/2.0'
    'x-ms-request-id': '1eeb6de1-e002-0000-2127-47dd4d000000'
    'x-ms-client-request-id': '59e92a6a-b31a-11ef-a928-e4b318d85f4b'
    'x-ms-version': 'REDACTED'
    'X-Content-Type-Options': 'REDACTED'
    'Date': 'Thu, 05 Dec 2024 15:05:21 GMT'
2024-12-05 20:05:23,348 - azure.core.pipeline.policies.http_logging_policy - INFO - Request URL: 'https://apnawaqeel.table.core.windows.net/LawyerRecommendations(PartitionKey='recommendation%3ACorporate',RowKey='7f98466f-9c5f-4357-97be-f190bdb503cc')'
Request method: 'PATCH'
Request headers:
    'Content-Type': 'application/json'
    'Content-Length': '562'
    'x-ms-version': 'REDACTED'
    'DataServiceVersion': 'REDACTED'
    'Accept': 'application/json'
    'x-ms-client-request-id': '5a126346-b31a-11ef-91dd-e4b318d85f4b'
    'x-ms-date': 'REDACTED'
    'Date': 'Thu, 05 Dec 2024 15:05:23 GMT'
    'User-Agent': 'azsdk-python-data-tables/12.5.0 Python/3.12.6 (Windows-11-10.0.22621-SP0)'
    'Authorization': 'REDACTED'
A body is sent with the request
2024-12-05 20:05:23,609 - azure.core.pipeline.policies.http_logging_policy - INFO - Response status: 204
Response headers:
    'Cache-Control': 'no-cache'
    'Content-Length': '0'
    'ETag': 'W/"datetime'2024-12-05T15%3A05%3A22.8156589Z'"'
    'Server': 'Windows-Azure-Table/1.0 Microsoft-HTTPAPI/2.0'
    'x-ms-request-id': '1eeb6dfd-e002-0000-3927-47dd4d000000'
    'x-ms-client-request-id': '5a126346-b31a-11ef-91dd-e4b318d85f4b'
    'x-ms-version': 'REDACTED'
    'X-Content-Type-Options': 'REDACTED'
    'Date': 'Thu, 05 Dec 2024 15:05:21 GMT'
2024-12-05 20:05:23,621 - azure.core.pipeline.policies.http_logging_policy - INFO - Request URL: 'https://apnawaqeel.table.core.windows.net/LawyerRecommendations(PartitionKey='recommendation%3AHuman%20Rights',RowKey='89076d40-7961-4aee-b24e-5f6e81cbde2c')'
Request method: 'PATCH'
Request headers:
    'Content-Type': 'application/json'
    'Content-Length': '567'
    'x-ms-version': 'REDACTED'
    'DataServiceVersion': 'REDACTED'
    'Accept': 'application/json'
    'x-ms-client-request-id': '5a3c3de4-b31a-11ef-8452-e4b318d85f4b'
    'x-ms-date': 'REDACTED'
    'Date': 'Thu, 05 Dec 2024 15:05:23 GMT'
    'User-Agent': 'azsdk-python-data-tables/12.5.0 Python/3.12.6 (Windows-11-10.0.22621-SP0)'
    'Authorization': 'REDACTED'
A body is sent with the request
2024-12-05 20:05:23,875 - azure.core.pipeline.policies.http_logging_policy - INFO - Response status: 204
Response headers:
    'Cache-Control': 'no-cache'
    'Content-Length': '0'
    'ETag': 'W/"datetime'2024-12-05T15%3A05%3A23.083482Z'"'
    'Server': 'Windows-Azure-Table/1.0 Microsoft-HTTPAPI/2.0'
    'x-ms-request-id': '1eeb6e18-e002-0000-4f27-47dd4d000000'
    'x-ms-client-request-id': '5a3c3de4-b31a-11ef-8452-e4b318d85f4b'
    'x-ms-version': 'REDACTED'
    'X-Content-Type-Options': 'REDACTED'
    'Date': 'Thu, 05 Dec 2024 15:05:22 GMT'
2024-12-05 20:05:23,890 - azure.core.pipeline.policies.http_logging_policy - INFO - Request URL: 'https://apnawaqeel.table.core.windows.net/LawyerRecommendations(PartitionKey='recommendation%3AConstitutional',RowKey='909f6474-dd40-4a54-af1c-e888be21ce50')'
Request method: 'PATCH'
Request headers:
    'Content-Type': 'application/json'
    'Content-Length': '571'
    'x-ms-version': 'REDACTED'
    'DataServiceVersion': 'REDACTED'
    'Accept': 'application/json'
    'x-ms-client-request-id': '5a654ba0-b31a-11ef-9567-e4b318d85f4b'
    'x-ms-date': 'REDACTED'
    'Date': 'Thu, 05 Dec 2024 15:05:23 GMT'
    'User-Agent': 'azsdk-python-data-tables/12.5.0 Python/3.12.6 (Windows-11-10.0.22621-SP0)'
    'Authorization': 'REDACTED'
A body is sent with the request
2024-12-05 20:05:24,153 - azure.core.pipeline.policies.http_logging_policy - INFO - Response status: 204
Response headers:
    'Cache-Control': 'no-cache'
    'Content-Length': '0'
    'ETag': 'W/"datetime'2024-12-05T15%3A05%3A23.3602658Z'"'
    'Server': 'Windows-Azure-Table/1.0 Microsoft-HTTPAPI/2.0'
    'x-ms-request-id': '1eeb6e3c-e002-0000-6927-47dd4d000000'
    'x-ms-client-request-id': '5a654ba0-b31a-11ef-9567-e4b318d85f4b'
    'x-ms-version': 'REDACTED'
    'X-Content-Type-Options': 'REDACTED'
    'Date': 'Thu, 05 Dec 2024 15:05:22 GMT'
2024-12-05 20:05:24,168 - azure.core.pipeline.policies.http_logging_policy - INFO - Request URL: 'https://apnawaqeel.table.core.windows.net/LawyerRecommendations(PartitionKey='recommendation%3ACivil',RowKey='d0705441-c4fb-49a7-a380-b025b49def7c')'
Request method: 'PATCH'
Request headers:
    'Content-Type': 'application/json'
    'Content-Length': '559'
    'x-ms-version': 'REDACTED'
    'DataServiceVersion': 'REDACTED'
    'Accept': 'application/json'
    'x-ms-client-request-id': '5a8f8c31-b31a-11ef-837c-e4b318d85f4b'
    'x-ms-date': 'REDACTED'
    'Date': 'Thu, 05 Dec 2024 15:05:24 GMT'
    'User-Agent': 'azsdk-python-data-tables/12.5.0 Python/3.12.6 (Windows-11-10.0.22621-SP0)'
    'Authorization': 'REDACTED'
A body is sent with the request
2024-12-05 20:05:24,428 - azure.core.pipeline.policies.http_logging_policy - INFO - Response status: 204
Response headers:
    'Cache-Control': 'no-cache'
    'Content-Length': '0'
    'ETag': 'W/"datetime'2024-12-05T15%3A05%3A23.6390402Z'"'
    'Server': 'Windows-Azure-Table/1.0 Microsoft-HTTPAPI/2.0'
    'x-ms-request-id': '1eeb6e66-e002-0000-0727-47dd4d000000'
    'x-ms-client-request-id': '5a8f8c31-b31a-11ef-837c-e4b318d85f4b'
    'x-ms-version': 'REDACTED'
    'X-Content-Type-Options': 'REDACTED'
    'Date': 'Thu, 05 Dec 2024 15:05:22 GMT'
2024-12-05 20:05:24,440 - azure.core.pipeline.policies.http_logging_policy - INFO - Request URL: 'https://apnawaqeel.table.core.windows.net/LawyerRecommendations(PartitionKey='recommendation%3AImmigration',RowKey='3f3a4ddc-fae3-400a-9758-ed98220c40e2')'
Request method: 'PATCH'
Request headers:
    'Content-Type': 'application/json'
    'Content-Length': '570'
    'x-ms-version': 'REDACTED'
    'DataServiceVersion': 'REDACTED'
    'Accept': 'application/json'
    'x-ms-client-request-id': '5ab931e2-b31a-11ef-a197-e4b318d85f4b'
    'x-ms-date': 'REDACTED'
    'Date': 'Thu, 05 Dec 2024 15:05:24 GMT'
    'User-Agent': 'azsdk-python-data-tables/12.5.0 Python/3.12.6 (Windows-11-10.0.22621-SP0)'
    'Authorization': 'REDACTED'
A body is sent with the request
2024-12-05 20:05:24,705 - azure.core.pipeline.policies.http_logging_policy - INFO - Response status: 204
Response headers:
    'Cache-Control': 'no-cache'
    'Content-Length': '0'
    'ETag': 'W/"datetime'2024-12-05T15%3A05%3A23.9108462Z'"'
    'Server': 'Windows-Azure-Table/1.0 Microsoft-HTTPAPI/2.0'
    'x-ms-request-id': '1eeb6e88-e002-0000-2027-47dd4d000000'
    'x-ms-client-request-id': '5ab931e2-b31a-11ef-a197-e4b318d85f4b'
    'x-ms-version': 'REDACTED'
    'X-Content-Type-Options': 'REDACTED'
    'Date': 'Thu, 05 Dec 2024 15:05:23 GMT'
2024-12-05 20:05:24,753 - azure.core.pipeline.policies.http_logging_policy - INFO - Request URL: 'https://apnawaqeel.table.core.windows.net/LawyerRecommendations(PartitionKey='recommendation%3AEnvironmental',RowKey='78f81a86-097c-4bc4-92bf-0c50e701848e')'
Request method: 'PATCH'
Request headers:
    'Content-Type': 'application/json'
    'Content-Length': '572'
    'x-ms-version': 'REDACTED'
    'DataServiceVersion': 'REDACTED'
    'Accept': 'application/json'
    'x-ms-client-request-id': '5ae6c6d8-b31a-11ef-bad3-e4b318d85f4b'
    'x-ms-date': 'REDACTED'
    'Date': 'Thu, 05 Dec 2024 15:05:24 GMT'
    'User-Agent': 'azsdk-python-data-tables/12.5.0 Python/3.12.6 (Windows-11-10.0.22621-SP0)'
    'Authorization': 'REDACTED'
A body is sent with the request
2024-12-05 20:05:25,018 - azure.core.pipeline.policies.http_logging_policy - INFO - Response status: 204
Response headers:
    'Cache-Control': 'no-cache'
    'Content-Length': '0'
    'ETag': 'W/"datetime'2024-12-05T15%3A05%3A24.2274549Z'"'
    'Server': 'Windows-Azure-Table/1.0 Microsoft-HTTPAPI/2.0'
    'x-ms-request-id': '1eeb6e9e-e002-0000-3127-47dd4d000000'
    'x-ms-client-request-id': '5ae6c6d8-b31a-11ef-bad3-e4b318d85f4b'
    'x-ms-version': 'REDACTED'
    'X-Content-Type-Options': 'REDACTED'
    'Date': 'Thu, 05 Dec 2024 15:05:23 GMT'
2024-12-05 20:05:25,028 - azure.core.pipeline.policies.http_logging_policy - INFO - Request URL: 'https://apnawaqeel.table.core.windows.net/LawyerRecommendations(PartitionKey='recommendation%3AImmigration',RowKey='7540d9fe-7407-4414-9d73-57ef4aa981a4')'
Request method: 'PATCH'
Request headers:
    'Content-Type': 'application/json'
    'Content-Length': '572'
    'x-ms-version': 'REDACTED'
    'DataServiceVersion': 'REDACTED'
    'Accept': 'application/json'
    'x-ms-client-request-id': '5b12e320-b31a-11ef-8638-e4b318d85f4b'
    'x-ms-date': 'REDACTED'
    'Date': 'Thu, 05 Dec 2024 15:05:25 GMT'
    'User-Agent': 'azsdk-python-data-tables/12.5.0 Python/3.12.6 (Windows-11-10.0.22621-SP0)'
    'Authorization': 'REDACTED'
A body is sent with the request
2024-12-05 20:05:25,297 - azure.core.pipeline.policies.http_logging_policy - INFO - Response status: 204
Response headers:
    'Cache-Control': 'no-cache'
    'Content-Length': '0'
    'ETag': 'W/"datetime'2024-12-05T15%3A05%3A24.4942824Z'"'
    'Server': 'Windows-Azure-Table/1.0 Microsoft-HTTPAPI/2.0'
    'x-ms-request-id': '1eeb6eae-e002-0000-3e27-47dd4d000000'
    'x-ms-client-request-id': '5b12e320-b31a-11ef-8638-e4b318d85f4b'
    'x-ms-version': 'REDACTED'
    'X-Content-Type-Options': 'REDACTED'
    'Date': 'Thu, 05 Dec 2024 15:05:23 GMT'
2024-12-05 20:05:25,314 - azure.core.pipeline.policies.http_logging_policy - INFO - Request URL: 'https://apnawaqeel.table.core.windows.net/LawyerRecommendations(PartitionKey='recommendation%3AImmigration',RowKey='7bda121a-a74a-4cac-a852-10d44ea80053')'
Request method: 'PATCH'
Request headers:
    'Content-Type': 'application/json'
    'Content-Length': '569'
    'x-ms-version': 'REDACTED'
    'DataServiceVersion': 'REDACTED'
    'Accept': 'application/json'
    'x-ms-client-request-id': '5b3e5c1d-b31a-11ef-a429-e4b318d85f4b'
    'x-ms-date': 'REDACTED'
    'Date': 'Thu, 05 Dec 2024 15:05:25 GMT'
    'User-Agent': 'azsdk-python-data-tables/12.5.0 Python/3.12.6 (Windows-11-10.0.22621-SP0)'
    'Authorization': 'REDACTED'
A body is sent with the request
2024-12-05 20:05:25,576 - azure.core.pipeline.policies.http_logging_policy - INFO - Response status: 204
Response headers:
    'Cache-Control': 'no-cache'
    'Content-Length': '0'
    'ETag': 'W/"datetime'2024-12-05T15%3A05%3A24.7899829Z'"'
    'Server': 'Windows-Azure-Table/1.0 Microsoft-HTTPAPI/2.0'
    'x-ms-request-id': '1eeb6ec7-e002-0000-5227-47dd4d000000'
    'x-ms-client-request-id': '5b3e5c1d-b31a-11ef-a429-e4b318d85f4b'
    'x-ms-version': 'REDACTED'
    'X-Content-Type-Options': 'REDACTED'
    'Date': 'Thu, 05 Dec 2024 15:05:23 GMT'
2024-12-05 20:05:25,586 - azure.core.pipeline.policies.http_logging_policy - INFO - Request URL: 'https://apnawaqeel.table.core.windows.net/LawyerRecommendations(PartitionKey='recommendation%3ACriminal',RowKey='95cb7fcc-debc-43ed-ba46-8a420cdcd0ea')'
Request method: 'PATCH'
Request headers:
    'Content-Type': 'application/json'
    'Content-Length': '564'
    'x-ms-version': 'REDACTED'
    'DataServiceVersion': 'REDACTED'
    'Accept': 'application/json'
    'x-ms-client-request-id': '5b67ee1e-b31a-11ef-9d02-e4b318d85f4b'
    'x-ms-date': 'REDACTED'
    'Date': 'Thu, 05 Dec 2024 15:05:25 GMT'
    'User-Agent': 'azsdk-python-data-tables/12.5.0 Python/3.12.6 (Windows-11-10.0.22621-SP0)'
    'Authorization': 'REDACTED'
A body is sent with the request
2024-12-05 20:05:25,845 - azure.core.pipeline.policies.http_logging_policy - INFO - Response status: 204
Response headers:
    'Cache-Control': 'no-cache'
    'Content-Length': '0'
    'ETag': 'W/"datetime'2024-12-05T15%3A05%3A25.0528271Z'"'
    'Server': 'Windows-Azure-Table/1.0 Microsoft-HTTPAPI/2.0'
    'x-ms-request-id': '1eeb6ef4-e002-0000-7a27-47dd4d000000'
    'x-ms-client-request-id': '5b67ee1e-b31a-11ef-9d02-e4b318d85f4b'
    'x-ms-version': 'REDACTED'
    'X-Content-Type-Options': 'REDACTED'
    'Date': 'Thu, 05 Dec 2024 15:05:24 GMT'
2024-12-05 20:05:25,880 - azure.core.pipeline.policies.http_logging_policy - INFO - Request URL: 'https://apnawaqeel.table.core.windows.net/LawyerRecommendations(PartitionKey='recommendation%3AEnvironmental',RowKey='e0f816ac-3044-41a7-9037-9124a7aeb0dd')'
Request method: 'PATCH'
Request headers:
    'Content-Type': 'application/json'
    'Content-Length': '573'
    'x-ms-version': 'REDACTED'
    'DataServiceVersion': 'REDACTED'
    'Accept': 'application/json'
    'x-ms-client-request-id': '5b93d43e-b31a-11ef-a170-e4b318d85f4b'
    'x-ms-date': 'REDACTED'
    'Date': 'Thu, 05 Dec 2024 15:05:25 GMT'
    'User-Agent': 'azsdk-python-data-tables/12.5.0 Python/3.12.6 (Windows-11-10.0.22621-SP0)'
    'Authorization': 'REDACTED'
A body is sent with the request
2024-12-05 20:05:26,144 - azure.core.pipeline.policies.http_logging_policy - INFO - Response status: 204
Response headers:
    'Cache-Control': 'no-cache'
    'Content-Length': '0'
    'ETag': 'W/"datetime'2024-12-05T15%3A05%3A25.3505196Z'"'
    'Server': 'Windows-Azure-Table/1.0 Microsoft-HTTPAPI/2.0'
    'x-ms-request-id': '1eeb6f1c-e002-0000-1e27-47dd4d000000'
    'x-ms-client-request-id': '5b93d43e-b31a-11ef-a170-e4b318d85f4b'
    'x-ms-version': 'REDACTED'
    'X-Content-Type-Options': 'REDACTED'
    'Date': 'Thu, 05 Dec 2024 15:05:24 GMT'
2024-12-05 20:05:26,162 - azure.core.pipeline.policies.http_logging_policy - INFO - Request URL: 'https://apnawaqeel.table.core.windows.net/LawyerRecommendations(PartitionKey='recommendation%3ATax',RowKey='664c5662-97fc-4e17-aa41-6aeefb311875')'
Request method: 'PATCH'
Request headers:
    'Content-Type': 'application/json'
    'Content-Length': '554'
    'x-ms-version': 'REDACTED'
    'DataServiceVersion': 'REDACTED'
    'Accept': 'application/json'
    'x-ms-client-request-id': '5bbfac1b-b31a-11ef-b9a8-e4b318d85f4b'
    'x-ms-date': 'REDACTED'
    'Date': 'Thu, 05 Dec 2024 15:05:26 GMT'
    'User-Agent': 'azsdk-python-data-tables/12.5.0 Python/3.12.6 (Windows-11-10.0.22621-SP0)'
    'Authorization': 'REDACTED'
A body is sent with the request
2024-12-05 20:05:26,417 - azure.core.pipeline.policies.http_logging_policy - INFO - Response status: 204
Response headers:
    'Cache-Control': 'no-cache'
    'Content-Length': '0'
    'ETag': 'W/"datetime'2024-12-05T15%3A05%3A25.625314Z'"'
    'Server': 'Windows-Azure-Table/1.0 Microsoft-HTTPAPI/2.0'
    'x-ms-request-id': '1eeb6f36-e002-0000-3527-47dd4d000000'
    'x-ms-client-request-id': '5bbfac1b-b31a-11ef-b9a8-e4b318d85f4b'
    'x-ms-version': 'REDACTED'
    'X-Content-Type-Options': 'REDACTED'
    'Date': 'Thu, 05 Dec 2024 15:05:24 GMT'
2024-12-05 20:05:26,433 - azure.core.pipeline.policies.http_logging_policy - INFO - Request URL: 'https://apnawaqeel.table.core.windows.net/LawyerRecommendations(PartitionKey='recommendation%3AFamily',RowKey='af5e4666-4ae9-43c0-830e-7516d741bb41')'
Request method: 'PATCH'
Request headers:
    'Content-Type': 'application/json'
    'Content-Length': '556'
    'x-ms-version': 'REDACTED'
    'DataServiceVersion': 'REDACTED'
    'Accept': 'application/json'
    'x-ms-client-request-id': '5be94eb7-b31a-11ef-bbf7-e4b318d85f4b'
    'x-ms-date': 'REDACTED'
    'Date': 'Thu, 05 Dec 2024 15:05:26 GMT'
    'User-Agent': 'azsdk-python-data-tables/12.5.0 Python/3.12.6 (Windows-11-10.0.22621-SP0)'
    'Authorization': 'REDACTED'
A body is sent with the request
2024-12-05 20:05:26,685 - azure.core.pipeline.policies.http_logging_policy - INFO - Response status: 204
Response headers:
    'Cache-Control': 'no-cache'
    'Content-Length': '0'
    'ETag': 'W/"datetime'2024-12-05T15%3A05%3A25.897118Z'"'
    'Server': 'Windows-Azure-Table/1.0 Microsoft-HTTPAPI/2.0'
    'x-ms-request-id': '1eeb6f6d-e002-0000-6527-47dd4d000000'
    'x-ms-client-request-id': '5be94eb7-b31a-11ef-bbf7-e4b318d85f4b'
    'x-ms-version': 'REDACTED'
    'X-Content-Type-Options': 'REDACTED'
    'Date': 'Thu, 05 Dec 2024 15:05:25 GMT'
2024-12-05 20:05:26,697 - azure.core.pipeline.policies.http_logging_policy - INFO - Request URL: 'https://apnawaqeel.table.core.windows.net/LawyerRecommendations(PartitionKey='recommendation%3ALabor%20and%20Employment',RowKey='1cc04dff-cb0a-445c-a0ec-daf0e890c3d9')'
Request method: 'PATCH'
Request headers:
    'Content-Type': 'application/json'
    'Content-Length': '587'
    'x-ms-version': 'REDACTED'
    'DataServiceVersion': 'REDACTED'
    'Accept': 'application/json'
    'x-ms-client-request-id': '5c117ec4-b31a-11ef-acde-e4b318d85f4b'
    'x-ms-date': 'REDACTED'
    'Date': 'Thu, 05 Dec 2024 15:05:26 GMT'
    'User-Agent': 'azsdk-python-data-tables/12.5.0 Python/3.12.6 (Windows-11-10.0.22621-SP0)'
    'Authorization': 'REDACTED'
A body is sent with the request
2024-12-05 20:05:26,953 - azure.core.pipeline.policies.http_logging_policy - INFO - Response status: 204
Response headers:
    'Cache-Control': 'no-cache'
    'Content-Length': '0'
    'ETag': 'W/"datetime'2024-12-05T15%3A05%3A26.1659363Z'"'
    'Server': 'Windows-Azure-Table/1.0 Microsoft-HTTPAPI/2.0'
    'x-ms-request-id': '1eeb6fb4-e002-0000-1927-47dd4d000000'
    'x-ms-client-request-id': '5c117ec4-b31a-11ef-acde-e4b318d85f4b'
    'x-ms-version': 'REDACTED'
    'X-Content-Type-Options': 'REDACTED'
    'Date': 'Thu, 05 Dec 2024 15:05:25 GMT'
2024-12-05 20:05:26,975 - azure.core.pipeline.policies.http_logging_policy - INFO - Request URL: 'https://apnawaqeel.table.core.windows.net/LawyerRecommendations(PartitionKey='recommendation%3AFamily',RowKey='c8df628a-336a-4ed2-acf0-071944b44616')'
Request method: 'PATCH'
Request headers:
    'Content-Type': 'application/json'
    'Content-Length': '560'
    'x-ms-version': 'REDACTED'
    'DataServiceVersion': 'REDACTED'
    'Accept': 'application/json'
    'x-ms-client-request-id': '5c3c58bc-b31a-11ef-8f7f-e4b318d85f4b'
    'x-ms-date': 'REDACTED'
    'Date': 'Thu, 05 Dec 2024 15:05:26 GMT'
    'User-Agent': 'azsdk-python-data-tables/12.5.0 Python/3.12.6 (Windows-11-10.0.22621-SP0)'
    'Authorization': 'REDACTED'
A body is sent with the request
2024-12-05 20:05:27,265 - azure.core.pipeline.policies.http_logging_policy - INFO - Response status: 204
Response headers:
    'Cache-Control': 'no-cache'
    'Content-Length': '0'
    'ETag': 'W/"datetime'2024-12-05T15%3A05%3A26.4715932Z'"'
    'Server': 'Windows-Azure-Table/1.0 Microsoft-HTTPAPI/2.0'
    'x-ms-request-id': '1eeb7006-e002-0000-5327-47dd4d000000'
    'x-ms-client-request-id': '5c3c58bc-b31a-11ef-8f7f-e4b318d85f4b'
    'x-ms-version': 'REDACTED'
    'X-Content-Type-Options': 'REDACTED'
    'Date': 'Thu, 05 Dec 2024 15:05:25 GMT'
2024-12-05 20:05:27,278 - azure.core.pipeline.policies.http_logging_policy - INFO - Request URL: 'https://apnawaqeel.table.core.windows.net/LawyerRecommendations(PartitionKey='recommendation%3AAlternate%20Dispute%20Resolution%20%28ADR%29',RowKey='4418f88f-b0fc-46ba-97fa-9dbb1f90ebc9')'
Request method: 'PATCH'
Request headers:
    'Content-Type': 'application/json'
    'Content-Length': '610'
    'x-ms-version': 'REDACTED'
    'DataServiceVersion': 'REDACTED'
    'Accept': 'application/json'
    'x-ms-client-request-id': '5c6a1d3e-b31a-11ef-b86d-e4b318d85f4b'
    'x-ms-date': 'REDACTED'
    'Date': 'Thu, 05 Dec 2024 15:05:27 GMT'
    'User-Agent': 'azsdk-python-data-tables/12.5.0 Python/3.12.6 (Windows-11-10.0.22621-SP0)'
    'Authorization': 'REDACTED'
A body is sent with the request
2024-12-05 20:05:27,531 - azure.core.pipeline.policies.http_logging_policy - INFO - Response status: 204
Response headers:
    'Cache-Control': 'no-cache'
    'Content-Length': '0'
    'ETag': 'W/"datetime'2024-12-05T15%3A05%3A26.7443948Z'"'
    'Server': 'Windows-Azure-Table/1.0 Microsoft-HTTPAPI/2.0'
    'x-ms-request-id': '1eeb706b-e002-0000-1927-47dd4d000000'
    'x-ms-client-request-id': '5c6a1d3e-b31a-11ef-b86d-e4b318d85f4b'
    'x-ms-version': 'REDACTED'
    'X-Content-Type-Options': 'REDACTED'
    'Date': 'Thu, 05 Dec 2024 15:05:25 GMT'
2024-12-05 20:05:27,541 - azure.core.pipeline.policies.http_logging_policy - INFO - Request URL: 'https://apnawaqeel.table.core.windows.net/LawyerRecommendations(PartitionKey='recommendation%3AFamily',RowKey='7ae63da6-2da6-489a-8ead-107ed9878a26')'
Request method: 'PATCH'
Request headers:
    'Content-Type': 'application/json'
    'Content-Length': '560'
    'x-ms-version': 'REDACTED'
    'DataServiceVersion': 'REDACTED'
    'Accept': 'application/json'
    'x-ms-client-request-id': '5c925547-b31a-11ef-ace5-e4b318d85f4b'
    'x-ms-date': 'REDACTED'
    'Date': 'Thu, 05 Dec 2024 15:05:27 GMT'
    'User-Agent': 'azsdk-python-data-tables/12.5.0 Python/3.12.6 (Windows-11-10.0.22621-SP0)'
    'Authorization': 'REDACTED'
A body is sent with the request
2024-12-05 20:05:27,795 - azure.core.pipeline.policies.http_logging_policy - INFO - Response status: 204
Response headers:
    'Cache-Control': 'no-cache'
    'Content-Length': '0'
    'ETag': 'W/"datetime'2024-12-05T15%3A05%3A27.0062436Z'"'
    'Server': 'Windows-Azure-Table/1.0 Microsoft-HTTPAPI/2.0'
    'x-ms-request-id': '1eeb70ab-e002-0000-4327-47dd4d000000'
    'x-ms-client-request-id': '5c925547-b31a-11ef-ace5-e4b318d85f4b'
    'x-ms-version': 'REDACTED'
    'X-Content-Type-Options': 'REDACTED'
    'Date': 'Thu, 05 Dec 2024 15:05:26 GMT'
2024-12-05 20:05:27,808 - azure.core.pipeline.policies.http_logging_policy - INFO - Request URL: 'https://apnawaqeel.table.core.windows.net/LawyerRecommendations(PartitionKey='recommendation%3AHuman%20Rights',RowKey='e213a170-b16f-492e-b5ea-992d581ee90a')'
Request method: 'PATCH'
Request headers:
    'Content-Type': 'application/json'
    'Content-Length': '567'
    'x-ms-version': 'REDACTED'
    'DataServiceVersion': 'REDACTED'
    'Accept': 'application/json'
    'x-ms-client-request-id': '5cbac519-b31a-11ef-8291-e4b318d85f4b'
    'x-ms-date': 'REDACTED'
    'Date': 'Thu, 05 Dec 2024 15:05:27 GMT'
    'User-Agent': 'azsdk-python-data-tables/12.5.0 Python/3.12.6 (Windows-11-10.0.22621-SP0)'
    'Authorization': 'REDACTED'
A body is sent with the request
2024-12-05 20:05:28,068 - azure.core.pipeline.policies.http_logging_policy - INFO - Response status: 204
Response headers:
    'Cache-Control': 'no-cache'
    'Content-Length': '0'
    'ETag': 'W/"datetime'2024-12-05T15%3A05%3A27.2830273Z'"'
    'Server': 'Windows-Azure-Table/1.0 Microsoft-HTTPAPI/2.0'
    'x-ms-request-id': '1eeb70df-e002-0000-6927-47dd4d000000'
    'x-ms-client-request-id': '5cbac519-b31a-11ef-8291-e4b318d85f4b'
    'x-ms-version': 'REDACTED'
    'X-Content-Type-Options': 'REDACTED'
    'Date': 'Thu, 05 Dec 2024 15:05:26 GMT'
2024-12-05 20:05:28,081 - azure.core.pipeline.policies.http_logging_policy - INFO - Request URL: 'https://apnawaqeel.table.core.windows.net/LawyerRecommendations(PartitionKey='recommendation%3AImmigration',RowKey='b172c1eb-0faa-4900-83be-9c2a6acaaefc')'
Request method: 'PATCH'
Request headers:
    'Content-Type': 'application/json'
    'Content-Length': '570'
    'x-ms-version': 'REDACTED'
    'DataServiceVersion': 'REDACTED'
    'Accept': 'application/json'
    'x-ms-client-request-id': '5ce4ada2-b31a-11ef-bbdf-e4b318d85f4b'
    'x-ms-date': 'REDACTED'
    'Date': 'Thu, 05 Dec 2024 15:05:28 GMT'
    'User-Agent': 'azsdk-python-data-tables/12.5.0 Python/3.12.6 (Windows-11-10.0.22621-SP0)'
    'Authorization': 'REDACTED'
A body is sent with the request
2024-12-05 20:05:28,330 - azure.core.pipeline.policies.http_logging_policy - INFO - Response status: 204
Response headers:
    'Cache-Control': 'no-cache'
    'Content-Length': '0'
    'ETag': 'W/"datetime'2024-12-05T15%3A05%3A27.5458722Z'"'
    'Server': 'Windows-Azure-Table/1.0 Microsoft-HTTPAPI/2.0'
    'x-ms-request-id': '1eeb70ff-e002-0000-7f27-47dd4d000000'
    'x-ms-client-request-id': '5ce4ada2-b31a-11ef-bbdf-e4b318d85f4b'
    'x-ms-version': 'REDACTED'
    'X-Content-Type-Options': 'REDACTED'
    'Date': 'Thu, 05 Dec 2024 15:05:26 GMT'
2024-12-05 20:05:28,340 - azure.core.pipeline.policies.http_logging_policy - INFO - Request URL: 'https://apnawaqeel.table.core.windows.net/LawyerRecommendations(PartitionKey='recommendation%3ACriminal',RowKey='61884288-f5a8-4272-aa0a-766fc42c1b4e')'
Request method: 'PATCH'
Request headers:
    'Content-Type': 'application/json'
    'Content-Length': '564'
    'x-ms-version': 'REDACTED'
    'DataServiceVersion': 'REDACTED'
    'Accept': 'application/json'
    'x-ms-client-request-id': '5d0c40eb-b31a-11ef-ab32-e4b318d85f4b'
    'x-ms-date': 'REDACTED'
    'Date': 'Thu, 05 Dec 2024 15:05:28 GMT'
    'User-Agent': 'azsdk-python-data-tables/12.5.0 Python/3.12.6 (Windows-11-10.0.22621-SP0)'
    'Authorization': 'REDACTED'
A body is sent with the request
2024-12-05 20:05:28,590 - azure.core.pipeline.policies.http_logging_policy - INFO - Response status: 204
Response headers:
    'Cache-Control': 'no-cache'
    'Content-Length': '0'
    'ETag': 'W/"datetime'2024-12-05T15%3A05%3A27.8027436Z'"'
    'Server': 'Windows-Azure-Table/1.0 Microsoft-HTTPAPI/2.0'
    'x-ms-request-id': '1eeb7114-e002-0000-0f27-47dd4d000000'
    'x-ms-client-request-id': '5d0c40eb-b31a-11ef-ab32-e4b318d85f4b'
    'x-ms-version': 'REDACTED'
    'X-Content-Type-Options': 'REDACTED'
    'Date': 'Thu, 05 Dec 2024 15:05:26 GMT'
2024-12-05 20:05:28,599 - azure.core.pipeline.policies.http_logging_policy - INFO - Request URL: 'https://apnawaqeel.table.core.windows.net/LawyerRecommendations(PartitionKey='recommendation%3AEnvironmental',RowKey='5d021e78-837b-41a9-8690-b442b79ce0a7')'
Request method: 'PATCH'
Request headers:
    'Content-Type': 'application/json'
    'Content-Length': '569'
    'x-ms-version': 'REDACTED'
    'DataServiceVersion': 'REDACTED'
    'Accept': 'application/json'
    'x-ms-client-request-id': '5d340be8-b31a-11ef-b0f8-e4b318d85f4b'
    'x-ms-date': 'REDACTED'
    'Date': 'Thu, 05 Dec 2024 15:05:28 GMT'
    'User-Agent': 'azsdk-python-data-tables/12.5.0 Python/3.12.6 (Windows-11-10.0.22621-SP0)'
    'Authorization': 'REDACTED'
A body is sent with the request
2024-12-05 20:05:28,727 - app - INFO - Processing question for user test_user, chat None
2024-12-05 20:05:28,728 - app - INFO - Initializing RAG agent...
2024-12-05 20:05:28,757 - pinecone_plugin_interface.logging - INFO - Discovering subpackages in _NamespacePath(['C:\\Users\\Nouma\\OneDrive\\Desktop\\GenAi x Xavour\\ApnaWaqeel\\venv\\Lib\\site-packages\\pinecone_plugins'])
2024-12-05 20:05:28,762 - pinecone_plugin_interface.logging - INFO - Looking for plugins in pinecone_plugins.inference
2024-12-05 20:05:28,763 - pinecone_plugin_interface.logging - INFO - Installing plugin inference into Pinecone
2024-12-05 20:05:28,861 - azure.core.pipeline.policies.http_logging_policy - INFO - Response status: 204
Response headers:
    'Cache-Control': 'no-cache'
    'Content-Length': '0'
    'ETag': 'W/"datetime'2024-12-05T15%3A05%3A28.0655883Z'"'
    'Server': 'Windows-Azure-Table/1.0 Microsoft-HTTPAPI/2.0'
    'x-ms-request-id': '1eeb712c-e002-0000-1f27-47dd4d000000'
    'x-ms-client-request-id': '5d340be8-b31a-11ef-b0f8-e4b318d85f4b'
    'x-ms-version': 'REDACTED'
    'X-Content-Type-Options': 'REDACTED'
    'Date': 'Thu, 05 Dec 2024 15:05:27 GMT'
2024-12-05 20:05:28,880 - azure.core.pipeline.policies.http_logging_policy - INFO - Request URL: 'https://apnawaqeel.table.core.windows.net/LawyerRecommendations(PartitionKey='recommendation%3AHuman%20Rights',RowKey='150bf930-d634-4cfa-83f9-4bf5a2768a86')'
Request method: 'PATCH'
Request headers:
    'Content-Type': 'application/json'
    'Content-Length': '571'
    'x-ms-version': 'REDACTED'
    'DataServiceVersion': 'REDACTED'
    'Accept': 'application/json'
    'x-ms-client-request-id': '5d5e9389-b31a-11ef-9982-e4b318d85f4b'
    'x-ms-date': 'REDACTED'
    'Date': 'Thu, 05 Dec 2024 15:05:28 GMT'
    'User-Agent': 'azsdk-python-data-tables/12.5.0 Python/3.12.6 (Windows-11-10.0.22621-SP0)'
    'Authorization': 'REDACTED'
A body is sent with the request
2024-12-05 20:05:29,131 - azure.core.pipeline.policies.http_logging_policy - INFO - Response status: 204
Response headers:
    'Cache-Control': 'no-cache'
    'Content-Length': '0'
    'ETag': 'W/"datetime'2024-12-05T15%3A05%3A28.345359Z'"'
    'Server': 'Windows-Azure-Table/1.0 Microsoft-HTTPAPI/2.0'
    'x-ms-request-id': '1eeb714d-e002-0000-3727-47dd4d000000'
    'x-ms-client-request-id': '5d5e9389-b31a-11ef-9982-e4b318d85f4b'
    'x-ms-version': 'REDACTED'
    'X-Content-Type-Options': 'REDACTED'
    'Date': 'Thu, 05 Dec 2024 15:05:27 GMT'
2024-12-05 20:05:29,143 - azure.core.pipeline.policies.http_logging_policy - INFO - Request URL: 'https://apnawaqeel.table.core.windows.net/LawyerRecommendations(PartitionKey='recommendation%3AAlternate%20Dispute%20Resolution%20%28ADR%29',RowKey='7b3dd4f7-53cf-4a81-824e-49f150cef872')'
Request method: 'PATCH'
Request headers:
    'Content-Type': 'application/json'
    'Content-Length': '615'
    'x-ms-version': 'REDACTED'
    'DataServiceVersion': 'REDACTED'
    'Accept': 'application/json'
    'x-ms-client-request-id': '5d86a09f-b31a-11ef-b0a3-e4b318d85f4b'
    'x-ms-date': 'REDACTED'
    'Date': 'Thu, 05 Dec 2024 15:05:29 GMT'
    'User-Agent': 'azsdk-python-data-tables/12.5.0 Python/3.12.6 (Windows-11-10.0.22621-SP0)'
    'Authorization': 'REDACTED'
A body is sent with the request
2024-12-05 20:05:29,397 - azure.core.pipeline.policies.http_logging_policy - INFO - Response status: 204
Response headers:
    'Cache-Control': 'no-cache'
    'Content-Length': '0'
    'ETag': 'W/"datetime'2024-12-05T15%3A05%3A28.6091985Z'"'
    'Server': 'Windows-Azure-Table/1.0 Microsoft-HTTPAPI/2.0'
    'x-ms-request-id': '1eeb717a-e002-0000-5927-47dd4d000000'
    'x-ms-client-request-id': '5d86a09f-b31a-11ef-b0a3-e4b318d85f4b'
    'x-ms-version': 'REDACTED'
    'X-Content-Type-Options': 'REDACTED'
    'Date': 'Thu, 05 Dec 2024 15:05:27 GMT'
2024-12-05 20:05:29,407 - azure.core.pipeline.policies.http_logging_policy - INFO - Request URL: 'https://apnawaqeel.table.core.windows.net/LawyerRecommendations(PartitionKey='recommendation%3AHuman%20Rights',RowKey='3dff2d8d-5027-4139-a56f-a3d4c4176a3b')'
Request method: 'PATCH'
Request headers:
    'Content-Type': 'application/json'
    'Content-Length': '572'
    'x-ms-version': 'REDACTED'
    'DataServiceVersion': 'REDACTED'
    'Accept': 'application/json'
    'x-ms-client-request-id': '5daed0ca-b31a-11ef-9349-e4b318d85f4b'
    'x-ms-date': 'REDACTED'
    'Date': 'Thu, 05 Dec 2024 15:05:29 GMT'
    'User-Agent': 'azsdk-python-data-tables/12.5.0 Python/3.12.6 (Windows-11-10.0.22621-SP0)'
    'Authorization': 'REDACTED'
A body is sent with the request
2024-12-05 20:05:29,659 - azure.core.pipeline.policies.http_logging_policy - INFO - Response status: 204
Response headers:
    'Cache-Control': 'no-cache'
    'Content-Length': '0'
    'ETag': 'W/"datetime'2024-12-05T15%3A05%3A28.8710489Z'"'
    'Server': 'Windows-Azure-Table/1.0 Microsoft-HTTPAPI/2.0'
    'x-ms-request-id': '1eeb71b5-e002-0000-0b27-47dd4d000000'
    'x-ms-client-request-id': '5daed0ca-b31a-11ef-9349-e4b318d85f4b'
    'x-ms-version': 'REDACTED'
    'X-Content-Type-Options': 'REDACTED'
    'Date': 'Thu, 05 Dec 2024 15:05:28 GMT'
2024-12-05 20:05:29,672 - azure.core.pipeline.policies.http_logging_policy - INFO - Request URL: 'https://apnawaqeel.table.core.windows.net/LawyerRecommendations(PartitionKey='recommendation%3AEnvironmental',RowKey='5e421256-94f8-43b6-bbc5-bb78e7125c27')'
Request method: 'PATCH'
Request headers:
    'Content-Type': 'application/json'
    'Content-Length': '572'
    'x-ms-version': 'REDACTED'
    'DataServiceVersion': 'REDACTED'
    'Accept': 'application/json'
    'x-ms-client-request-id': '5dd783bf-b31a-11ef-8cc5-e4b318d85f4b'
    'x-ms-date': 'REDACTED'
    'Date': 'Thu, 05 Dec 2024 15:05:29 GMT'
    'User-Agent': 'azsdk-python-data-tables/12.5.0 Python/3.12.6 (Windows-11-10.0.22621-SP0)'
    'Authorization': 'REDACTED'
A body is sent with the request
2024-12-05 20:05:29,943 - azure.core.pipeline.policies.http_logging_policy - INFO - Response status: 204
Response headers:
    'Cache-Control': 'no-cache'
    'Content-Length': '0'
    'ETag': 'W/"datetime'2024-12-05T15%3A05%3A29.1358849Z'"'
    'Server': 'Windows-Azure-Table/1.0 Microsoft-HTTPAPI/2.0'
    'x-ms-request-id': '1eeb71d8-e002-0000-2a27-47dd4d000000'
    'x-ms-client-request-id': '5dd783bf-b31a-11ef-8cc5-e4b318d85f4b'
    'x-ms-version': 'REDACTED'
    'X-Content-Type-Options': 'REDACTED'
    'Date': 'Thu, 05 Dec 2024 15:05:28 GMT'
2024-12-05 20:05:29,954 - azure.core.pipeline.policies.http_logging_policy - INFO - Request URL: 'https://apnawaqeel.table.core.windows.net/LawyerRecommendations(PartitionKey='recommendation%3AConstitutional',RowKey='a511c19f-ef3d-4de6-9a32-fb79fbe95454')'
Request method: 'PATCH'
Request headers:
    'Content-Type': 'application/json'
    'Content-Length': '576'
    'x-ms-version': 'REDACTED'
    'DataServiceVersion': 'REDACTED'
    'Accept': 'application/json'
    'x-ms-client-request-id': '5e02854f-b31a-11ef-948c-e4b318d85f4b'
    'x-ms-date': 'REDACTED'
    'Date': 'Thu, 05 Dec 2024 15:05:29 GMT'
    'User-Agent': 'azsdk-python-data-tables/12.5.0 Python/3.12.6 (Windows-11-10.0.22621-SP0)'
    'Authorization': 'REDACTED'
A body is sent with the request
2024-12-05 20:05:30,211 - azure.core.pipeline.policies.http_logging_policy - INFO - Response status: 204
Response headers:
    'Cache-Control': 'no-cache'
    'Content-Length': '0'
    'ETag': 'W/"datetime'2024-12-05T15%3A05%3A29.4206337Z'"'
    'Server': 'Windows-Azure-Table/1.0 Microsoft-HTTPAPI/2.0'
    'x-ms-request-id': '1eeb7207-e002-0000-5527-47dd4d000000'
    'x-ms-client-request-id': '5e02854f-b31a-11ef-948c-e4b318d85f4b'
    'x-ms-version': 'REDACTED'
    'X-Content-Type-Options': 'REDACTED'
    'Date': 'Thu, 05 Dec 2024 15:05:28 GMT'
2024-12-05 20:05:30,221 - azure.core.pipeline.policies.http_logging_policy - INFO - Request URL: 'https://apnawaqeel.table.core.windows.net/LawyerRecommendations(PartitionKey='recommendation%3AIntellectual%20Property',RowKey='bf3a14e9-70da-439a-b027-899be1af42c9')'
Request method: 'PATCH'
Request headers:
    'Content-Type': 'application/json'
    'Content-Length': '588'
    'x-ms-version': 'REDACTED'
    'DataServiceVersion': 'REDACTED'
    'Accept': 'application/json'
    'x-ms-client-request-id': '5e2b5a08-b31a-11ef-8d06-e4b318d85f4b'
    'x-ms-date': 'REDACTED'
    'Date': 'Thu, 05 Dec 2024 15:05:30 GMT'
    'User-Agent': 'azsdk-python-data-tables/12.5.0 Python/3.12.6 (Windows-11-10.0.22621-SP0)'
    'Authorization': 'REDACTED'
A body is sent with the request
2024-12-05 20:05:30,475 - azure.core.pipeline.policies.http_logging_policy - INFO - Response status: 204
Response headers:
    'Cache-Control': 'no-cache'
    'Content-Length': '0'
    'ETag': 'W/"datetime'2024-12-05T15%3A05%3A29.6884567Z'"'
    'Server': 'Windows-Azure-Table/1.0 Microsoft-HTTPAPI/2.0'
    'x-ms-request-id': '1eeb7218-e002-0000-6427-47dd4d000000'
    'x-ms-client-request-id': '5e2b5a08-b31a-11ef-8d06-e4b318d85f4b'
    'x-ms-version': 'REDACTED'
    'X-Content-Type-Options': 'REDACTED'
    'Date': 'Thu, 05 Dec 2024 15:05:28 GMT'
2024-12-05 20:05:30,483 - azure.core.pipeline.policies.http_logging_policy - INFO - Request URL: 'https://apnawaqeel.table.core.windows.net/LawyerRecommendations(PartitionKey='recommendation%3ACyber%20Law',RowKey='32ea8eed-a21e-4074-bbf2-0899cc52a905')'
Request method: 'PATCH'
Request headers:
    'Content-Type': 'application/json'
    'Content-Length': '563'
    'x-ms-version': 'REDACTED'
    'DataServiceVersion': 'REDACTED'
    'Accept': 'application/json'
    'x-ms-client-request-id': '5e534d02-b31a-11ef-8ed3-e4b318d85f4b'
    'x-ms-date': 'REDACTED'
    'Date': 'Thu, 05 Dec 2024 15:05:30 GMT'
    'User-Agent': 'azsdk-python-data-tables/12.5.0 Python/3.12.6 (Windows-11-10.0.22621-SP0)'
    'Authorization': 'REDACTED'
A body is sent with the request
2024-12-05 20:05:30,685 - sentence_transformers.SentenceTransformer - INFO - Use pytorch device_name: cpu
2024-12-05 20:05:30,687 - sentence_transformers.SentenceTransformer - INFO - Load pretrained SentenceTransformer: intfloat/multilingual-e5-large
2024-12-05 20:05:30,733 - azure.core.pipeline.policies.http_logging_policy - INFO - Response status: 204
Response headers:
    'Cache-Control': 'no-cache'
    'Content-Length': '0'
    'ETag': 'W/"datetime'2024-12-05T15%3A05%3A29.9483148Z'"'
    'Server': 'Windows-Azure-Table/1.0 Microsoft-HTTPAPI/2.0'
    'x-ms-request-id': '1eeb7239-e002-0000-7e27-47dd4d000000'
    'x-ms-client-request-id': '5e534d02-b31a-11ef-8ed3-e4b318d85f4b'
    'x-ms-version': 'REDACTED'
    'X-Content-Type-Options': 'REDACTED'
    'Date': 'Thu, 05 Dec 2024 15:05:29 GMT'
2024-12-05 20:05:30,744 - azure.core.pipeline.policies.http_logging_policy - INFO - Request URL: 'https://apnawaqeel.table.core.windows.net/LawyerRecommendations(PartitionKey='recommendation%3AImmigration',RowKey='2e4c64d3-5212-404d-a12c-ef5060d6f055')'
Request method: 'PATCH'
Request headers:
    'Content-Type': 'application/json'
    'Content-Length': '571'
    'x-ms-version': 'REDACTED'
    'DataServiceVersion': 'REDACTED'
    'Accept': 'application/json'
    'x-ms-client-request-id': '5e7ada9c-b31a-11ef-98c0-e4b318d85f4b'
    'x-ms-date': 'REDACTED'
    'Date': 'Thu, 05 Dec 2024 15:05:30 GMT'
    'User-Agent': 'azsdk-python-data-tables/12.5.0 Python/3.12.6 (Windows-11-10.0.22621-SP0)'
    'Authorization': 'REDACTED'
A body is sent with the request
2024-12-05 20:05:30,995 - azure.core.pipeline.policies.http_logging_policy - INFO - Response status: 204
Response headers:
    'Cache-Control': 'no-cache'
    'Content-Length': '0'
    'ETag': 'W/"datetime'2024-12-05T15%3A05%3A30.2081727Z'"'
    'Server': 'Windows-Azure-Table/1.0 Microsoft-HTTPAPI/2.0'
    'x-ms-request-id': '1eeb7262-e002-0000-2127-47dd4d000000'
    'x-ms-client-request-id': '5e7ada9c-b31a-11ef-98c0-e4b318d85f4b'
    'x-ms-version': 'REDACTED'
    'X-Content-Type-Options': 'REDACTED'
    'Date': 'Thu, 05 Dec 2024 15:05:29 GMT'
2024-12-05 20:05:31,009 - azure.core.pipeline.policies.http_logging_policy - INFO - Request URL: 'https://apnawaqeel.table.core.windows.net/LawyerRecommendations(PartitionKey='recommendation%3ABanking%20and%20Finance',RowKey='5dde5d87-0873-4421-bc46-85aec241a959')'
Request method: 'PATCH'
Request headers:
    'Content-Type': 'application/json'
    'Content-Length': '579'
    'x-ms-version': 'REDACTED'
    'DataServiceVersion': 'REDACTED'
    'Accept': 'application/json'
    'x-ms-client-request-id': '5ea2e924-b31a-11ef-8bec-e4b318d85f4b'
    'x-ms-date': 'REDACTED'
    'Date': 'Thu, 05 Dec 2024 15:05:31 GMT'
    'User-Agent': 'azsdk-python-data-tables/12.5.0 Python/3.12.6 (Windows-11-10.0.22621-SP0)'
    'Authorization': 'REDACTED'
A body is sent with the request
2024-12-05 20:05:31,301 - azure.core.pipeline.policies.http_logging_policy - INFO - Response status: 204
Response headers:
    'Cache-Control': 'no-cache'
    'Content-Length': '0'
    'ETag': 'W/"datetime'2024-12-05T15%3A05%3A30.4819695Z'"'
    'Server': 'Windows-Azure-Table/1.0 Microsoft-HTTPAPI/2.0'
    'x-ms-request-id': '1eeb727e-e002-0000-3927-47dd4d000000'
    'x-ms-client-request-id': '5ea2e924-b31a-11ef-8bec-e4b318d85f4b'
    'x-ms-version': 'REDACTED'
    'X-Content-Type-Options': 'REDACTED'
    'Date': 'Thu, 05 Dec 2024 15:05:29 GMT'
2024-12-05 20:05:31,310 - azure.core.pipeline.policies.http_logging_policy - INFO - Request URL: 'https://apnawaqeel.table.core.windows.net/LawyerRecommendations(PartitionKey='recommendation%3AIntellectual%20Property',RowKey='a0072bff-f463-454e-85f2-83187efa7c03')'
Request method: 'PATCH'
Request headers:
    'Content-Type': 'application/json'
    'Content-Length': '588'
    'x-ms-version': 'REDACTED'
    'DataServiceVersion': 'REDACTED'
    'Accept': 'application/json'
    'x-ms-client-request-id': '5ed18c17-b31a-11ef-8671-e4b318d85f4b'
    'x-ms-date': 'REDACTED'
    'Date': 'Thu, 05 Dec 2024 15:05:31 GMT'
    'User-Agent': 'azsdk-python-data-tables/12.5.0 Python/3.12.6 (Windows-11-10.0.22621-SP0)'
    'Authorization': 'REDACTED'
A body is sent with the request
2024-12-05 20:05:31,600 - azure.core.pipeline.policies.http_logging_policy - INFO - Response status: 204
Response headers:
    'Cache-Control': 'no-cache'
    'Content-Length': '0'
    'ETag': 'W/"datetime'2024-12-05T15%3A05%3A30.7756788Z'"'
    'Server': 'Windows-Azure-Table/1.0 Microsoft-HTTPAPI/2.0'
    'x-ms-request-id': '1eeb72a6-e002-0000-5b27-47dd4d000000'
    'x-ms-client-request-id': '5ed18c17-b31a-11ef-8671-e4b318d85f4b'
    'x-ms-version': 'REDACTED'
    'X-Content-Type-Options': 'REDACTED'
    'Date': 'Thu, 05 Dec 2024 15:05:29 GMT'
2024-12-05 20:05:31,624 - azure.core.pipeline.policies.http_logging_policy - INFO - Request URL: 'https://apnawaqeel.table.core.windows.net/LawyerRecommendations(PartitionKey='recommendation%3ACivil',RowKey='a643cae5-f26e-4c57-be87-fdc146220703')'
Request method: 'PATCH'
Request headers:
    'Content-Type': 'application/json'
    'Content-Length': '553'
    'x-ms-version': 'REDACTED'
    'DataServiceVersion': 'REDACTED'
    'Accept': 'application/json'
    'x-ms-client-request-id': '5f00e5e8-b31a-11ef-bdc7-e4b318d85f4b'
    'x-ms-date': 'REDACTED'
    'Date': 'Thu, 05 Dec 2024 15:05:31 GMT'
    'User-Agent': 'azsdk-python-data-tables/12.5.0 Python/3.12.6 (Windows-11-10.0.22621-SP0)'
    'Authorization': 'REDACTED'
A body is sent with the request
2024-12-05 20:05:31,916 - azure.core.pipeline.policies.http_logging_policy - INFO - Response status: 204
Response headers:
    'Cache-Control': 'no-cache'
    'Content-Length': '0'
    'ETag': 'W/"datetime'2024-12-05T15%3A05%3A31.0912918Z'"'
    'Server': 'Windows-Azure-Table/1.0 Microsoft-HTTPAPI/2.0'
    'x-ms-request-id': '1eeb72cc-e002-0000-7727-47dd4d000000'
    'x-ms-client-request-id': '5f00e5e8-b31a-11ef-bdc7-e4b318d85f4b'
    'x-ms-version': 'REDACTED'
    'X-Content-Type-Options': 'REDACTED'
    'Date': 'Thu, 05 Dec 2024 15:05:30 GMT'
2024-12-05 20:05:31,927 - azure.core.pipeline.policies.http_logging_policy - INFO - Request URL: 'https://apnawaqeel.table.core.windows.net/LawyerRecommendations(PartitionKey='recommendation%3AConstitutional',RowKey='e02922a6-9253-4d6b-9839-196eb47c1c8e')'
Request method: 'PATCH'
Request headers:
    'Content-Type': 'application/json'
    'Content-Length': '575'
    'x-ms-version': 'REDACTED'
    'DataServiceVersion': 'REDACTED'
    'Accept': 'application/json'
    'x-ms-client-request-id': '5f2fa111-b31a-11ef-984d-e4b318d85f4b'
    'x-ms-date': 'REDACTED'
    'Date': 'Thu, 05 Dec 2024 15:05:31 GMT'
    'User-Agent': 'azsdk-python-data-tables/12.5.0 Python/3.12.6 (Windows-11-10.0.22621-SP0)'
    'Authorization': 'REDACTED'
A body is sent with the request
2024-12-05 20:05:32,183 - azure.core.pipeline.policies.http_logging_policy - INFO - Response status: 204
Response headers:
    'Cache-Control': 'no-cache'
    'Content-Length': '0'
    'ETag': 'W/"datetime'2024-12-05T15%3A05%3A31.3899791Z'"'
    'Server': 'Windows-Azure-Table/1.0 Microsoft-HTTPAPI/2.0'
    'x-ms-request-id': '1eeb72ea-e002-0000-0f27-47dd4d000000'
    'x-ms-client-request-id': '5f2fa111-b31a-11ef-984d-e4b318d85f4b'
    'x-ms-version': 'REDACTED'
    'X-Content-Type-Options': 'REDACTED'
    'Date': 'Thu, 05 Dec 2024 15:05:30 GMT'
2024-12-05 20:05:32,194 - azure.core.pipeline.policies.http_logging_policy - INFO - Request URL: 'https://apnawaqeel.table.core.windows.net/LawyerRecommendations(PartitionKey='recommendation%3AIntellectual%20Property',RowKey='35bf4f1e-67c2-4b87-a6cc-33c80e0dafbb')'
Request method: 'PATCH'
Request headers:
    'Content-Type': 'application/json'
    'Content-Length': '585'
    'x-ms-version': 'REDACTED'
    'DataServiceVersion': 'REDACTED'
    'Accept': 'application/json'
    'x-ms-client-request-id': '5f588b1e-b31a-11ef-b842-e4b318d85f4b'
    'x-ms-date': 'REDACTED'
    'Date': 'Thu, 05 Dec 2024 15:05:32 GMT'
    'User-Agent': 'azsdk-python-data-tables/12.5.0 Python/3.12.6 (Windows-11-10.0.22621-SP0)'
    'Authorization': 'REDACTED'
A body is sent with the request
2024-12-05 20:05:32,443 - azure.core.pipeline.policies.http_logging_policy - INFO - Response status: 204
Response headers:
    'Cache-Control': 'no-cache'
    'Content-Length': '0'
    'ETag': 'W/"datetime'2024-12-05T15%3A05%3A31.6597935Z'"'
    'Server': 'Windows-Azure-Table/1.0 Microsoft-HTTPAPI/2.0'
    'x-ms-request-id': '1eeb72f3-e002-0000-1727-47dd4d000000'
    'x-ms-client-request-id': '5f588b1e-b31a-11ef-b842-e4b318d85f4b'
    'x-ms-version': 'REDACTED'
    'X-Content-Type-Options': 'REDACTED'
    'Date': 'Thu, 05 Dec 2024 15:05:30 GMT'
2024-12-05 20:05:32,458 - azure.core.pipeline.policies.http_logging_policy - INFO - Request URL: 'https://apnawaqeel.table.core.windows.net/LawyerRecommendations(PartitionKey='recommendation%3ALabor%20and%20Employment',RowKey='54212bda-48b4-4ded-8bc6-d15f73ff1536')'
Request method: 'PATCH'
Request headers:
    'Content-Type': 'application/json'
    'Content-Length': '583'
    'x-ms-version': 'REDACTED'
    'DataServiceVersion': 'REDACTED'
    'Accept': 'application/json'
    'x-ms-client-request-id': '5f808faf-b31a-11ef-b571-e4b318d85f4b'
    'x-ms-date': 'REDACTED'
    'Date': 'Thu, 05 Dec 2024 15:05:32 GMT'
    'User-Agent': 'azsdk-python-data-tables/12.5.0 Python/3.12.6 (Windows-11-10.0.22621-SP0)'
    'Authorization': 'REDACTED'
A body is sent with the request
2024-12-05 20:05:32,729 - azure.core.pipeline.policies.http_logging_policy - INFO - Response status: 204
Response headers:
    'Cache-Control': 'no-cache'
    'Content-Length': '0'
    'ETag': 'W/"datetime'2024-12-05T15%3A05%3A31.9216428Z'"'
    'Server': 'Windows-Azure-Table/1.0 Microsoft-HTTPAPI/2.0'
    'x-ms-request-id': '1eeb7325-e002-0000-3627-47dd4d000000'
    'x-ms-client-request-id': '5f808faf-b31a-11ef-b571-e4b318d85f4b'
    'x-ms-version': 'REDACTED'
    'X-Content-Type-Options': 'REDACTED'
    'Date': 'Thu, 05 Dec 2024 15:05:31 GMT'
2024-12-05 20:05:32,738 - azure.core.pipeline.policies.http_logging_policy - INFO - Request URL: 'https://apnawaqeel.table.core.windows.net/LawyerRecommendations(PartitionKey='recommendation%3ACyber%20Law',RowKey='91a30cd2-5cee-4e70-a59d-2ededfcbb4ee')'
Request method: 'PATCH'
Request headers:
    'Content-Type': 'application/json'
    'Content-Length': '566'
    'x-ms-version': 'REDACTED'
    'DataServiceVersion': 'REDACTED'
    'Accept': 'application/json'
    'x-ms-client-request-id': '5fab1d61-b31a-11ef-b05f-e4b318d85f4b'
    'x-ms-date': 'REDACTED'
    'Date': 'Thu, 05 Dec 2024 15:05:32 GMT'
    'User-Agent': 'azsdk-python-data-tables/12.5.0 Python/3.12.6 (Windows-11-10.0.22621-SP0)'
    'Authorization': 'REDACTED'
A body is sent with the request
2024-12-05 20:05:33,018 - azure.core.pipeline.policies.http_logging_policy - INFO - Response status: 204
Response headers:
    'Cache-Control': 'no-cache'
    'Content-Length': '0'
    'ETag': 'W/"datetime'2024-12-05T15%3A05%3A32.2044Z'"'
    'Server': 'Windows-Azure-Table/1.0 Microsoft-HTTPAPI/2.0'
    'x-ms-request-id': '1eeb7383-e002-0000-7827-47dd4d000000'
    'x-ms-client-request-id': '5fab1d61-b31a-11ef-b05f-e4b318d85f4b'
    'x-ms-version': 'REDACTED'
    'X-Content-Type-Options': 'REDACTED'
    'Date': 'Thu, 05 Dec 2024 15:05:31 GMT'
2024-12-05 20:05:33,103 - azure.core.pipeline.policies.http_logging_policy - INFO - Request URL: 'https://apnawaqeel.table.core.windows.net/LawyerRecommendations(PartitionKey='recommendation%3AHuman%20Rights',RowKey='a736dc46-f50f-4684-a4eb-c9a1f80ef02e')'
Request method: 'PATCH'
Request headers:
    'Content-Type': 'application/json'
    'Content-Length': '574'
    'x-ms-version': 'REDACTED'
    'DataServiceVersion': 'REDACTED'
    'Accept': 'application/json'
    'x-ms-client-request-id': '5fe28276-b31a-11ef-902f-e4b318d85f4b'
    'x-ms-date': 'REDACTED'
    'Date': 'Thu, 05 Dec 2024 15:05:33 GMT'
    'User-Agent': 'azsdk-python-data-tables/12.5.0 Python/3.12.6 (Windows-11-10.0.22621-SP0)'
    'Authorization': 'REDACTED'
A body is sent with the request
2024-12-05 20:05:33,358 - azure.core.pipeline.policies.http_logging_policy - INFO - Response status: 204
Response headers:
    'Cache-Control': 'no-cache'
    'Content-Length': '0'
    'ETag': 'W/"datetime'2024-12-05T15%3A05%3A32.5687979Z'"'
    'Server': 'Windows-Azure-Table/1.0 Microsoft-HTTPAPI/2.0'
    'x-ms-request-id': '1eeb73e3-e002-0000-4827-47dd4d000000'
    'x-ms-client-request-id': '5fe28276-b31a-11ef-902f-e4b318d85f4b'
    'x-ms-version': 'REDACTED'
    'X-Content-Type-Options': 'REDACTED'
    'Date': 'Thu, 05 Dec 2024 15:05:31 GMT'
2024-12-05 20:05:33,398 - azure.core.pipeline.policies.http_logging_policy - INFO - Request URL: 'https://apnawaqeel.table.core.windows.net/LawyerRecommendations(PartitionKey='recommendation%3AImmigration',RowKey='d8768f2e-2a40-4c8e-a7d1-62e9e3d20114')'
Request method: 'PATCH'
Request headers:
    'Content-Type': 'application/json'
    'Content-Length': '565'
    'x-ms-version': 'REDACTED'
    'DataServiceVersion': 'REDACTED'
    'Accept': 'application/json'
    'x-ms-client-request-id': '600e2468-b31a-11ef-8a96-e4b318d85f4b'
    'x-ms-date': 'REDACTED'
    'Date': 'Thu, 05 Dec 2024 15:05:33 GMT'
    'User-Agent': 'azsdk-python-data-tables/12.5.0 Python/3.12.6 (Windows-11-10.0.22621-SP0)'
    'Authorization': 'REDACTED'
A body is sent with the request
2024-12-05 20:05:33,686 - azure.core.pipeline.policies.http_logging_policy - INFO - Response status: 204
Response headers:
    'Cache-Control': 'no-cache'
    'Content-Length': '0'
    'ETag': 'W/"datetime'2024-12-05T15%3A05%3A32.8684819Z'"'
    'Server': 'Windows-Azure-Table/1.0 Microsoft-HTTPAPI/2.0'
    'x-ms-request-id': '1eeb7403-e002-0000-6527-47dd4d000000'
    'x-ms-client-request-id': '600e2468-b31a-11ef-8a96-e4b318d85f4b'
    'x-ms-version': 'REDACTED'
    'X-Content-Type-Options': 'REDACTED'
    'Date': 'Thu, 05 Dec 2024 15:05:32 GMT'
2024-12-05 20:05:33,693 - azure.core.pipeline.policies.http_logging_policy - INFO - Request URL: 'https://apnawaqeel.table.core.windows.net/LawyerRecommendations(PartitionKey='recommendation%3ALabor%20and%20Employment',RowKey='7bae9e9a-666f-4568-be7a-f437efae82d4')'
Request method: 'PATCH'
Request headers:
    'Content-Type': 'application/json'
    'Content-Length': '588'
    'x-ms-version': 'REDACTED'
    'DataServiceVersion': 'REDACTED'
    'Accept': 'application/json'
    'x-ms-client-request-id': '603d6bac-b31a-11ef-ba85-e4b318d85f4b'
    'x-ms-date': 'REDACTED'
    'Date': 'Thu, 05 Dec 2024 15:05:33 GMT'
    'User-Agent': 'azsdk-python-data-tables/12.5.0 Python/3.12.6 (Windows-11-10.0.22621-SP0)'
    'Authorization': 'REDACTED'
A body is sent with the request
2024-12-05 20:05:34,353 - azure.core.pipeline.policies.http_logging_policy - INFO - Response status: 204
Response headers:
    'Cache-Control': 'no-cache'
    'Content-Length': '0'
    'ETag': 'W/"datetime'2024-12-05T15%3A05%3A33.1641823Z'"'
    'Server': 'Windows-Azure-Table/1.0 Microsoft-HTTPAPI/2.0'
    'x-ms-request-id': '1eeb7433-e002-0000-0f27-47dd4d000000'
    'x-ms-client-request-id': '603d6bac-b31a-11ef-ba85-e4b318d85f4b'
    'x-ms-version': 'REDACTED'
    'X-Content-Type-Options': 'REDACTED'
    'Date': 'Thu, 05 Dec 2024 15:05:32 GMT'
2024-12-05 20:05:35,163 - azure.core.pipeline.policies.http_logging_policy - INFO - Request URL: 'https://apnawaqeel.table.core.windows.net/LawyerRecommendations(PartitionKey='recommendation%3AHuman%20Rights',RowKey='612cd2dc-7dd5-4c2b-829a-6cc72e11ca5a')'
Request method: 'PATCH'
Request headers:
    'Content-Type': 'application/json'
    'Content-Length': '573'
    'x-ms-version': 'REDACTED'
    'DataServiceVersion': 'REDACTED'
    'Accept': 'application/json'
    'x-ms-client-request-id': '611dbaf8-b31a-11ef-bad6-e4b318d85f4b'
    'x-ms-date': 'REDACTED'
    'Date': 'Thu, 05 Dec 2024 15:05:35 GMT'
    'User-Agent': 'azsdk-python-data-tables/12.5.0 Python/3.12.6 (Windows-11-10.0.22621-SP0)'
    'Authorization': 'REDACTED'
A body is sent with the request
2024-12-05 20:08:13,216 - azure.core.pipeline.policies.http_logging_policy - INFO - Request URL: 'https://apnawaqeel.table.core.windows.net/Tables'
Request method: 'POST'
Request headers:
    'Content-Type': 'application/json;odata=nometadata'
    'Content-Length': '29'
    'x-ms-version': 'REDACTED'
    'DataServiceVersion': 'REDACTED'
    'Accept': 'application/json;odata=minimalmetadata'
    'x-ms-client-request-id': 'bf526ad5-b31a-11ef-87a6-e4b318d85f4b'
    'x-ms-date': 'REDACTED'
    'Date': 'Thu, 05 Dec 2024 15:08:13 GMT'
    'User-Agent': 'azsdk-python-data-tables/12.5.0 Python/3.12.6 (Windows-11-10.0.22621-SP0)'
    'Authorization': 'REDACTED'
A body is sent with the request
